<?xml version="1.0" encoding="UTF-8"?>
<!-- Generated by org.testng.reporters.JUnitReportReporter -->
<testsuite hostname="GURWUNI11197" name="tests.loginTest" tests="1" failures="0" timestamp="13 Jan 2020 09:33:49 GMT" time="13.949" errors="0">
  <testcase name="firstLoginTest" time="13.949" classname="tests.loginTest"/>
</testsuite> <!-- tests.loginTest -->
