<?xml version="1.0" encoding="UTF-8"?>
<!-- Generated by org.testng.reporters.JUnitReportReporter -->
<testsuite hostname="GURWUNI112103" name="tests.helpTest" tests="1" failures="0" timestamp="10 Jan 2020 10:53:47 GMT" time="11.685" errors="0">
  <testcase name="profilePage" time="11.685" classname="tests.helpTest"/>
</testsuite> <!-- tests.helpTest -->
