<?xml version="1.0" encoding="UTF-8"?>
<!-- Generated by org.testng.reporters.JUnitReportReporter -->
<testsuite hostname="GURWUNI11197" name="tests.BaseClass" tests="1" failures="0" timestamp="23 Dec 2019 07:45:00 GMT" time="0.005" errors="0">
  <testcase name="sampleTest" time="0.005" classname="tests.BaseClass"/>
</testsuite> <!-- tests.BaseClass -->
