<?xml version="1.0" encoding="UTF-8"?>
<!-- Generated by org.testng.reporters.JUnitReportReporter -->
<testsuite hostname="GURWUNI112103" name="tests.loginTest" tests="7" failures="0" timestamp="10 Jan 2020 10:53:47 GMT" time="56.468" errors="0">
  <testcase name="needHelplink" time="14.956" classname="tests.loginTest"/>
  <testcase name="loginInValidUserInvalidPassword" time="7.479" classname="tests.loginTest"/>
  <testcase name="loginInValidUservalidPasswords" time="7.887" classname="tests.loginTest"/>
  <testcase name="loginValidUserInvalidPasswords" time="6.889" classname="tests.loginTest"/>
  <testcase name="firstLoginTest" time="9.061" classname="tests.loginTest"/>
  <testcase name="loginContinue" time="3.386" classname="tests.loginTest"/>
  <testcase name="forgetPasswordLink" time="6.810" classname="tests.loginTest"/>
</testsuite> <!-- tests.loginTest -->
