<?xml version="1.0" encoding="UTF-8"?>
<!-- Generated by org.testng.reporters.JUnitReportReporter -->
<testsuite hostname="GURWUNI112103" name="tests.serviceareaTest" tests="1" failures="0" timestamp="10 Jan 2020 10:53:47 GMT" time="33.529" errors="0">
  <testcase name="serviceArea" time="33.529" classname="tests.serviceareaTest"/>
</testsuite> <!-- tests.serviceareaTest -->
