<?xml version="1.0" encoding="UTF-8"?>
<!-- Generated by org.testng.reporters.JUnitReportReporter -->
<testsuite hostname="GURWUNI112103" name="tests.splashTest" tests="2" failures="0" timestamp="10 Jan 2020 10:53:47 GMT" time="4.895" errors="0">
  <testcase name="verifysSplash" time="0.828" classname="tests.splashTest"/>
  <testcase name="spalshScreens" time="4.067" classname="tests.splashTest"/>
</testsuite> <!-- tests.splashTest -->
