<?xml version="1.0" encoding="UTF-8"?>
<!-- Generated by org.testng.reporters.JUnitReportReporter -->
<testsuite hostname="GURWUNI11197" name="tests.BuildingsTest" tests="3" failures="0" timestamp="27 Dec 2019 09:34:11 GMT" time="57.875" errors="0">
  <testcase name="verifyBuildingSuccessfull" time="0.296" classname="tests.BuildingsTest"/>
  <testcase name="verifyNewBuildingCreate" time="30.725" classname="tests.BuildingsTest"/>
  <testcase name="verifyEditBuilding" time="26.854" classname="tests.BuildingsTest"/>
</testsuite> <!-- tests.BuildingsTest -->
