<?xml version="1.0" encoding="UTF-8"?>
<!-- Generated by org.testng.reporters.JUnitReportReporter -->
<testsuite hostname="GURWUNI11197" name="tests.loginTest" tests="1" failures="0" timestamp="27 Dec 2019 09:34:11 GMT" time="13.934" errors="0">
  <testcase name="firstLoginTest" time="13.934" classname="tests.loginTest"/>
</testsuite> <!-- tests.loginTest -->
