<?xml version="1.0" encoding="UTF-8"?>
<!-- Generated by org.testng.reporters.JUnitReportReporter -->
<testsuite hostname="GURWUNI11197" name="tests.AccountsTest" tests="2" failures="0" timestamp="27 Dec 2019 09:34:11 GMT" time="26.793" errors="0">
  <testcase name="verifyAccountSearchSuccessfull" time="20.955" classname="tests.AccountsTest"/>
  <testcase name="verifyAccountSuccessfull" time="5.838" classname="tests.AccountsTest"/>
</testsuite> <!-- tests.AccountsTest -->
